mode: set
github.com/aztfmod/terraform-provider-azurecaf/azurecaf/data_environment_variable.go:10.49,33.2 1 1
github.com/aztfmod/terraform-provider-azurecaf/azurecaf/data_environment_variable.go:35.101,41.9 4 1
github.com/aztfmod/terraform-provider-azurecaf/azurecaf/data_environment_variable.go:41.9,43.3 1 1
github.com/aztfmod/terraform-provider-azurecaf/azurecaf/data_environment_variable.go:45.2,48.14 3 1
github.com/aztfmod/terraform-provider-azurecaf/azurecaf/data_name.go:11.34,13.37 2 1
github.com/aztfmod/terraform-provider-azurecaf/azurecaf/data_name.go:13.37,15.3 1 1
github.com/aztfmod/terraform-provider-azurecaf/azurecaf/data_name.go:17.2,91.3 1 1
github.com/aztfmod/terraform-provider-azurecaf/azurecaf/data_name.go:94.99,97.2 2 1
github.com/aztfmod/terraform-provider-azurecaf/azurecaf/data_name.go:99.72,118.16 15 1
github.com/aztfmod/terraform-provider-azurecaf/azurecaf/data_name.go:118.16,120.3 1 1
github.com/aztfmod/terraform-provider-azurecaf/azurecaf/data_name.go:121.2,124.12 3 1
github.com/aztfmod/terraform-provider-azurecaf/azurecaf/models.go:64.46,65.17 1 1
github.com/aztfmod/terraform-provider-azurecaf/azurecaf/models.go:65.17,67.3 1 1
github.com/aztfmod/terraform-provider-azurecaf/azurecaf/models.go:69.2,69.31 1 1
github.com/aztfmod/terraform-provider-azurecaf/azurecaf/models.go:69.31,72.3 2 1
github.com/aztfmod/terraform-provider-azurecaf/azurecaf/models.go:73.2,76.19 3 1
github.com/aztfmod/terraform-provider-azurecaf/azurecaf/models.go:76.19,79.3 1 1
github.com/aztfmod/terraform-provider-azurecaf/azurecaf/models.go:80.2,80.18 1 1
github.com/aztfmod/terraform-provider-azurecaf/azurecaf/provider.go:8.34,21.2 1 1
github.com/aztfmod/terraform-provider-azurecaf/azurecaf/resource_name.go:13.40,15.37 2 1
github.com/aztfmod/terraform-provider-azurecaf/azurecaf/resource_name.go:15.37,17.3 1 1
github.com/aztfmod/terraform-provider-azurecaf/azurecaf/resource_name.go:18.2,101.3 1 1
github.com/aztfmod/terraform-provider-azurecaf/azurecaf/resource_name.go:104.137,108.2 2 1
github.com/aztfmod/terraform-provider-azurecaf/azurecaf/resource_name.go:110.38,112.37 2 1
github.com/aztfmod/terraform-provider-azurecaf/azurecaf/resource_name.go:112.37,114.3 1 1
github.com/aztfmod/terraform-provider-azurecaf/azurecaf/resource_name.go:116.2,217.3 1 1
github.com/aztfmod/terraform-provider-azurecaf/azurecaf/resource_name.go:220.73,222.2 1 1
github.com/aztfmod/terraform-provider-azurecaf/azurecaf/resource_name.go:224.71,226.2 1 1
github.com/aztfmod/terraform-provider-azurecaf/azurecaf/resource_name.go:228.73,230.2 1 1
github.com/aztfmod/terraform-provider-azurecaf/azurecaf/resource_name.go:232.81,233.29 1 1
github.com/aztfmod/terraform-provider-azurecaf/azurecaf/resource_name.go:233.29,235.3 1 1
github.com/aztfmod/terraform-provider-azurecaf/azurecaf/resource_name.go:236.2,236.14 1 1
github.com/aztfmod/terraform-provider-azurecaf/azurecaf/resource_name.go:239.77,242.2 2 1
github.com/aztfmod/terraform-provider-azurecaf/azurecaf/resource_name.go:244.77,246.35 2 1
github.com/aztfmod/terraform-provider-azurecaf/azurecaf/resource_name.go:246.35,247.30 1 1
github.com/aztfmod/terraform-provider-azurecaf/azurecaf/resource_name.go:247.30,248.21 1 1
github.com/aztfmod/terraform-provider-azurecaf/azurecaf/resource_name.go:248.21,250.5 1 1
github.com/aztfmod/terraform-provider-azurecaf/azurecaf/resource_name.go:253.2,253.39 1 1
github.com/aztfmod/terraform-provider-azurecaf/azurecaf/resource_name.go:256.67,257.67 1 1
github.com/aztfmod/terraform-provider-azurecaf/azurecaf/resource_name.go:257.67,259.3 1 1
github.com/aztfmod/terraform-provider-azurecaf/azurecaf/resource_name.go:260.2,260.81 1 1
github.com/aztfmod/terraform-provider-azurecaf/azurecaf/resource_name.go:260.81,262.3 1 1
github.com/aztfmod/terraform-provider-azurecaf/azurecaf/resource_name.go:263.2,263.66 1 1
github.com/aztfmod/terraform-provider-azurecaf/azurecaf/resource_name.go:267.61,268.77 1 1
github.com/aztfmod/terraform-provider-azurecaf/azurecaf/resource_name.go:268.77,269.55 1 1
github.com/aztfmod/terraform-provider-azurecaf/azurecaf/resource_name.go:269.55,271.4 1 1
github.com/aztfmod/terraform-provider-azurecaf/azurecaf/resource_name.go:273.2,273.11 1 1
github.com/aztfmod/terraform-provider-azurecaf/azurecaf/resource_name.go:276.66,279.24 2 1
github.com/aztfmod/terraform-provider-azurecaf/azurecaf/resource_name.go:279.24,281.3 1 1
github.com/aztfmod/terraform-provider-azurecaf/azurecaf/resource_name.go:283.2,283.39 1 1
github.com/aztfmod/terraform-provider-azurecaf/azurecaf/resource_name.go:286.62,288.27 2 1
github.com/aztfmod/terraform-provider-azurecaf/azurecaf/resource_name.go:288.27,290.3 1 1
github.com/aztfmod/terraform-provider-azurecaf/azurecaf/resource_name.go:291.2,291.10 1 1
github.com/aztfmod/terraform-provider-azurecaf/azurecaf/resource_name.go:301.34,305.43 3 1
github.com/aztfmod/terraform-provider-azurecaf/azurecaf/resource_name.go:305.43,307.24 2 1
github.com/aztfmod/terraform-provider-azurecaf/azurecaf/resource_name.go:307.24,309.4 1 1
github.com/aztfmod/terraform-provider-azurecaf/azurecaf/resource_name.go:310.3,310.36 1 1
github.com/aztfmod/terraform-provider-azurecaf/azurecaf/resource_name.go:311.15,312.21 1 1
github.com/aztfmod/terraform-provider-azurecaf/azurecaf/resource_name.go:312.21,313.57 1 1
github.com/aztfmod/terraform-provider-azurecaf/azurecaf/resource_name.go:313.57,316.6 2 1
github.com/aztfmod/terraform-provider-azurecaf/azurecaf/resource_name.go:318.15,319.21 1 1
github.com/aztfmod/terraform-provider-azurecaf/azurecaf/resource_name.go:319.21,320.57 1 1
github.com/aztfmod/terraform-provider-azurecaf/azurecaf/resource_name.go:320.57,323.6 2 1
github.com/aztfmod/terraform-provider-azurecaf/azurecaf/resource_name.go:325.17,326.29 1 1
github.com/aztfmod/terraform-provider-azurecaf/azurecaf/resource_name.go:326.29,327.65 1 1
github.com/aztfmod/terraform-provider-azurecaf/azurecaf/resource_name.go:327.65,330.6 2 1
github.com/aztfmod/terraform-provider-azurecaf/azurecaf/resource_name.go:332.19,333.25 1 1
github.com/aztfmod/terraform-provider-azurecaf/azurecaf/resource_name.go:333.25,334.29 1 1
github.com/aztfmod/terraform-provider-azurecaf/azurecaf/resource_name.go:334.29,335.65 1 1
github.com/aztfmod/terraform-provider-azurecaf/azurecaf/resource_name.go:335.65,338.7 2 1
github.com/aztfmod/terraform-provider-azurecaf/azurecaf/resource_name.go:340.5,341.26 2 1
github.com/aztfmod/terraform-provider-azurecaf/azurecaf/resource_name.go:341.26,343.6 1 1
github.com/aztfmod/terraform-provider-azurecaf/azurecaf/resource_name.go:345.19,346.25 1 1
github.com/aztfmod/terraform-provider-azurecaf/azurecaf/resource_name.go:346.25,347.43 1 1
github.com/aztfmod/terraform-provider-azurecaf/azurecaf/resource_name.go:347.43,348.79 1 1
github.com/aztfmod/terraform-provider-azurecaf/azurecaf/resource_name.go:348.79,351.7 2 1
github.com/aztfmod/terraform-provider-azurecaf/azurecaf/resource_name.go:353.5,354.26 2 1
github.com/aztfmod/terraform-provider-azurecaf/azurecaf/resource_name.go:354.26,356.6 1 1
github.com/aztfmod/terraform-provider-azurecaf/azurecaf/resource_name.go:362.2,363.16 2 1
github.com/aztfmod/terraform-provider-azurecaf/azurecaf/resource_name.go:366.86,368.13 2 1
github.com/aztfmod/terraform-provider-azurecaf/azurecaf/resource_name.go:368.13,370.3 1 1
github.com/aztfmod/terraform-provider-azurecaf/azurecaf/resource_name.go:371.2,373.27 3 1
github.com/aztfmod/terraform-provider-azurecaf/azurecaf/resource_name.go:373.27,375.3 1 1
github.com/aztfmod/terraform-provider-azurecaf/azurecaf/resource_name.go:377.2,377.40 1 1
github.com/aztfmod/terraform-provider-azurecaf/azurecaf/resource_name.go:377.40,379.17 2 1
github.com/aztfmod/terraform-provider-azurecaf/azurecaf/resource_name.go:379.17,381.4 1 1
github.com/aztfmod/terraform-provider-azurecaf/azurecaf/resource_name.go:383.2,383.27 1 1
github.com/aztfmod/terraform-provider-azurecaf/azurecaf/resource_name.go:383.27,385.3 1 1
github.com/aztfmod/terraform-provider-azurecaf/azurecaf/resource_name.go:386.2,386.18 1 1
github.com/aztfmod/terraform-provider-azurecaf/azurecaf/resource_name.go:398.43,401.16 2 1
github.com/aztfmod/terraform-provider-azurecaf/azurecaf/resource_name.go:401.16,403.3 1 1
github.com/aztfmod/terraform-provider-azurecaf/azurecaf/resource_name.go:404.2,405.16 2 1
github.com/aztfmod/terraform-provider-azurecaf/azurecaf/resource_name.go:405.16,407.3 1 0
github.com/aztfmod/terraform-provider-azurecaf/azurecaf/resource_name.go:409.2,410.13 2 1
github.com/aztfmod/terraform-provider-azurecaf/azurecaf/resource_name.go:410.13,412.3 1 1
github.com/aztfmod/terraform-provider-azurecaf/azurecaf/resource_name.go:414.2,414.16 1 1
github.com/aztfmod/terraform-provider-azurecaf/azurecaf/resource_name.go:414.16,420.3 5 1
github.com/aztfmod/terraform-provider-azurecaf/azurecaf/resource_name.go:422.2,424.17 2 1
github.com/aztfmod/terraform-provider-azurecaf/azurecaf/resource_name.go:424.17,426.3 1 1
github.com/aztfmod/terraform-provider-azurecaf/azurecaf/resource_name.go:426.8,428.3 1 1
github.com/aztfmod/terraform-provider-azurecaf/azurecaf/resource_name.go:429.2,431.24 2 1
github.com/aztfmod/terraform-provider-azurecaf/azurecaf/resource_name.go:431.24,433.3 1 1
github.com/aztfmod/terraform-provider-azurecaf/azurecaf/resource_name.go:435.2,435.48 1 1
github.com/aztfmod/terraform-provider-azurecaf/azurecaf/resource_name.go:435.48,437.3 1 1
github.com/aztfmod/terraform-provider-azurecaf/azurecaf/resource_name.go:439.2,439.26 1 1
github.com/aztfmod/terraform-provider-azurecaf/azurecaf/resource_name.go:442.68,461.14 16 1
github.com/aztfmod/terraform-provider-azurecaf/azurecaf/resource_name.go:461.14,463.3 1 1
github.com/aztfmod/terraform-provider-azurecaf/azurecaf/resource_name.go:465.2,465.27 1 1
github.com/aztfmod/terraform-provider-azurecaf/azurecaf/resource_name.go:465.27,467.17 2 1
github.com/aztfmod/terraform-provider-azurecaf/azurecaf/resource_name.go:467.17,469.4 1 0
github.com/aztfmod/terraform-provider-azurecaf/azurecaf/resource_name.go:470.3,470.32 1 1
github.com/aztfmod/terraform-provider-azurecaf/azurecaf/resource_name.go:472.2,473.49 2 1
github.com/aztfmod/terraform-provider-azurecaf/azurecaf/resource_name.go:473.49,476.17 3 1
github.com/aztfmod/terraform-provider-azurecaf/azurecaf/resource_name.go:476.17,478.4 1 0
github.com/aztfmod/terraform-provider-azurecaf/azurecaf/resource_name.go:480.2,482.12 3 1
github.com/aztfmod/terraform-provider-azurecaf/azurecaf/resource_naming_convention.go:14.50,16.27 2 1
github.com/aztfmod/terraform-provider-azurecaf/azurecaf/resource_naming_convention.go:16.27,18.3 1 1
github.com/aztfmod/terraform-provider-azurecaf/azurecaf/resource_naming_convention.go:19.2,19.34 1 1
github.com/aztfmod/terraform-provider-azurecaf/azurecaf/resource_naming_convention.go:19.34,21.3 1 1
github.com/aztfmod/terraform-provider-azurecaf/azurecaf/resource_naming_convention.go:23.2,91.3 1 1
github.com/aztfmod/terraform-provider-azurecaf/azurecaf/resource_naming_convention.go:94.85,96.2 1 1
github.com/aztfmod/terraform-provider-azurecaf/azurecaf/resource_naming_convention.go:98.83,100.2 1 1
github.com/aztfmod/terraform-provider-azurecaf/azurecaf/resource_naming_convention.go:102.85,104.2 1 1
github.com/aztfmod/terraform-provider-azurecaf/azurecaf/resource_naming_convention.go:106.64,118.71 10 1
github.com/aztfmod/terraform-provider-azurecaf/azurecaf/resource_naming_convention.go:118.71,120.3 1 1
github.com/aztfmod/terraform-provider-azurecaf/azurecaf/resource_naming_convention.go:121.2,121.20 1 1
github.com/aztfmod/terraform-provider-azurecaf/azurecaf/resource_naming_convention.go:121.20,123.3 1 1
github.com/aztfmod/terraform-provider-azurecaf/azurecaf/resource_naming_convention.go:125.2,133.20 6 1
github.com/aztfmod/terraform-provider-azurecaf/azurecaf/resource_naming_convention.go:134.49,135.33 1 1
github.com/aztfmod/terraform-provider-azurecaf/azurecaf/resource_naming_convention.go:136.24,139.15 2 1
github.com/aztfmod/terraform-provider-azurecaf/azurecaf/resource_naming_convention.go:143.2,147.63 4 1
github.com/aztfmod/terraform-provider-azurecaf/azurecaf/resource_naming_convention.go:147.63,148.33 1 1
github.com/aztfmod/terraform-provider-azurecaf/azurecaf/resource_naming_convention.go:148.33,150.4 1 1
github.com/aztfmod/terraform-provider-azurecaf/azurecaf/resource_naming_convention.go:152.2,160.58 6 1
github.com/aztfmod/terraform-provider-azurecaf/azurecaf/resource_naming_convention.go:160.58,162.3 1 1
github.com/aztfmod/terraform-provider-azurecaf/azurecaf/resource_naming_convention.go:165.2,166.20 2 1
github.com/aztfmod/terraform-provider-azurecaf/azurecaf/resource_naming_convention.go:167.29,167.29 0 1
github.com/aztfmod/terraform-provider-azurecaf/azurecaf/resource_naming_convention.go:169.28,169.28 0 1
github.com/aztfmod/terraform-provider-azurecaf/azurecaf/resource_naming_convention.go:171.10,172.30 1 1
github.com/aztfmod/terraform-provider-azurecaf/azurecaf/resource_naming_convention.go:172.30,173.44 1 1
github.com/aztfmod/terraform-provider-azurecaf/azurecaf/resource_naming_convention.go:173.44,176.5 2 1
github.com/aztfmod/terraform-provider-azurecaf/azurecaf/resource_naming_convention.go:176.10,178.5 1 1
github.com/aztfmod/terraform-provider-azurecaf/azurecaf/resource_naming_convention.go:179.9,182.4 2 1
github.com/aztfmod/terraform-provider-azurecaf/azurecaf/resource_naming_convention.go:186.2,190.24 3 1
github.com/aztfmod/terraform-provider-azurecaf/azurecaf/resource_naming_convention.go:190.24,192.3 1 1
github.com/aztfmod/terraform-provider-azurecaf/azurecaf/resource_naming_convention.go:194.2,196.60 2 1
github.com/aztfmod/terraform-provider-azurecaf/azurecaf/resource_naming_convention.go:196.60,201.3 4 1
github.com/aztfmod/terraform-provider-azurecaf/azurecaf/resource_naming_convention.go:203.2,203.24 1 1
github.com/aztfmod/terraform-provider-azurecaf/azurecaf/resource_naming_convention.go:203.24,205.3 1 1
github.com/aztfmod/terraform-provider-azurecaf/azurecaf/resource_naming_convention.go:207.2,207.42 1 1
github.com/aztfmod/terraform-provider-azurecaf/azurecaf/resource_naming_convention.go:207.42,209.3 1 0
github.com/aztfmod/terraform-provider-azurecaf/azurecaf/resource_naming_convention.go:211.2,215.12 3 1
